Tuesday 06th of March 2012 05:44:54 AM	 broker_id =1
Tuesday 06th of March 2012 05:45:25 AM	 broker_id =1
Wednesday 07th of March 2012 11:08:47 PM	 broker_id =1
Thursday 08th of March 2012 06:11:53 AM	 broker_id =1
Thursday 08th of March 2012 06:14:33 AM	 broker_id =1
Thursday 08th of March 2012 06:38:22 AM	 broker_id =1
Thursday 08th of March 2012 09:28:08 PM	 broker_id =1
Thursday 08th of March 2012 09:30:43 PM	 broker_id =1
Thursday 08th of March 2012 09:52:37 PM	 broker_id =1
Thursday 08th of March 2012 10:19:01 PM	 broker_id =1
Friday 09th of March 2012 06:09:09 AM	 broker_id =1
Saturday 10th of March 2012 04:14:02 AM	 broker_id =1
Saturday 10th of March 2012 05:09:13 AM	 broker_id =1
Saturday 10th of March 2012 05:10:50 AM	 broker_id =1
Saturday 10th of March 2012 05:54:20 AM	 broker_id =1
Sunday 11th of March 2012 10:01:12 PM	 broker_id =1
Sunday 11th of March 2012 10:56:24 PM	 broker_id =1
Monday 12th of March 2012 12:13:35 AM	 broker_id =1
Monday 12th of March 2012 01:33:12 AM	 broker_id =1
Monday 12th of March 2012 01:34:37 AM	 broker_id =1
Monday 12th of March 2012 01:36:28 AM	 broker_id =1
Monday 12th of March 2012 03:29:25 AM	 broker_id =1
Monday 12th of March 2012 06:00:57 AM	 broker_id =1
Monday 12th of March 2012 07:24:17 AM	 broker_id =1
Tuesday 13th of March 2012 12:02:31 AM	 broker_id =1
Tuesday 13th of March 2012 12:30:07 AM	 broker_id =1
Tuesday 13th of March 2012 01:16:24 AM	 broker_id =1
Tuesday 13th of March 2012 01:26:24 AM	 broker_id =1
Tuesday 13th of March 2012 04:33:22 AM	 broker_id =1
Tuesday 13th of March 2012 05:07:50 AM	 broker_id =1
Tuesday 13th of March 2012 06:04:16 AM	 broker_id =1
Tuesday 13th of March 2012 06:10:44 AM	 broker_id =1
Tuesday 13th of March 2012 08:13:42 AM	 broker_id =1
Tuesday 13th of March 2012 10:44:06 AM	 broker_id =1
Wednesday 14th of March 2012 12:49:46 AM	 broker_id =1
Wednesday 14th of March 2012 12:49:58 AM	 broker_id =1
Wednesday 14th of March 2012 12:53:14 AM	 broker_id =1
Wednesday 14th of March 2012 03:16:12 AM	 broker_id =1
Wednesday 14th of March 2012 09:17:43 AM	 broker_id =1
Wednesday 14th of March 2012 09:54:16 AM	 broker_id =1
Wednesday 14th of March 2012 10:04:32 AM	 broker_id =1
Wednesday 14th of March 2012 10:11:10 AM	 broker_id =1
Wednesday 14th of March 2012 10:34:57 AM	 broker_id =1
Wednesday 14th of March 2012 10:35:46 AM	 broker_id =1
Wednesday 14th of March 2012 10:37:47 AM	 broker_id =1
Wednesday 14th of March 2012 10:38:26 AM	 broker_id =1
Wednesday 14th of March 2012 10:38:57 AM	 broker_id =1
Wednesday 14th of March 2012 11:25:02 AM	 broker_id =1
Wednesday 14th of March 2012 11:27:02 AM	 broker_id =1
Wednesday 14th of March 2012 11:29:03 AM	 broker_id =1
Wednesday 14th of March 2012 11:30:32 AM	 broker_id =1
Wednesday 14th of March 2012 11:31:10 AM	 broker_id =1
Wednesday 14th of March 2012 11:40:54 AM	 broker_id =1
Wednesday 14th of March 2012 11:48:59 AM	 broker_id =1
Thursday 15th of March 2012 01:53:40 AM	 broker_id =1
Thursday 15th of March 2012 02:16:04 AM	 broker_id =1
Thursday 15th of March 2012 02:16:12 AM	 broker_id =1
Thursday 15th of March 2012 02:16:42 AM	 broker_id =1
Thursday 15th of March 2012 04:41:23 AM	 broker_id =1
Thursday 15th of March 2012 05:55:42 AM	 broker_id =1
Thursday 15th of March 2012 10:02:12 PM	 broker_id =1
Thursday 15th of March 2012 10:04:25 PM	 broker_id =1
Thursday 15th of March 2012 10:04:40 PM	 broker_id =1
Thursday 15th of March 2012 10:04:57 PM	 broker_id =1
Thursday 15th of March 2012 10:05:08 PM	 broker_id =1
Thursday 15th of March 2012 10:05:25 PM	 broker_id =1
Thursday 15th of March 2012 10:05:47 PM	 broker_id =1
Thursday 15th of March 2012 10:05:49 PM	 broker_id =1
Thursday 15th of March 2012 10:05:58 PM	 broker_id =1
Thursday 15th of March 2012 10:06:21 PM	 broker_id =1
Thursday 15th of March 2012 10:06:43 PM	 broker_id =1
Thursday 15th of March 2012 10:06:55 PM	 broker_id =1
Thursday 15th of March 2012 10:07:21 PM	 broker_id =1
Thursday 15th of March 2012 10:07:31 PM	 broker_id =1
Thursday 15th of March 2012 10:07:56 PM	 broker_id =1
Thursday 15th of March 2012 10:08:11 PM	 broker_id =1
Thursday 15th of March 2012 10:18:35 PM	 broker_id =1
Thursday 15th of March 2012 10:19:28 PM	 broker_id =1
Thursday 15th of March 2012 10:20:02 PM	 broker_id =1
Thursday 15th of March 2012 10:20:04 PM	 broker_id =1
Thursday 15th of March 2012 10:20:06 PM	 broker_id =1
Thursday 15th of March 2012 10:20:10 PM	 broker_id =1
Thursday 15th of March 2012 10:20:13 PM	 broker_id =1
Thursday 15th of March 2012 10:20:14 PM	 broker_id =1
Thursday 15th of March 2012 10:20:15 PM	 broker_id =1
Thursday 15th of March 2012 10:20:47 PM	 broker_id =1
Thursday 15th of March 2012 10:20:49 PM	 broker_id =1
Thursday 15th of March 2012 10:20:49 PM	 broker_id =1
Thursday 15th of March 2012 10:20:53 PM	 broker_id =1
Thursday 15th of March 2012 10:21:08 PM	 broker_id =1
Thursday 15th of March 2012 10:21:46 PM	 broker_id =1
Thursday 15th of March 2012 10:26:09 PM	 broker_id =1
Thursday 15th of March 2012 10:26:10 PM	 broker_id =1
Thursday 15th of March 2012 10:26:36 PM	 broker_id =1
Thursday 15th of March 2012 10:27:01 PM	 broker_id =1
Thursday 15th of March 2012 10:27:42 PM	 broker_id =1
Thursday 15th of March 2012 10:28:11 PM	 broker_id =1
Thursday 15th of March 2012 10:28:20 PM	 broker_id =1
Thursday 15th of March 2012 10:29:09 PM	 broker_id =1
Thursday 15th of March 2012 10:29:20 PM	 broker_id =1
Thursday 15th of March 2012 10:29:40 PM	 broker_id =1
Thursday 15th of March 2012 10:29:55 PM	 broker_id =1
Thursday 15th of March 2012 10:30:11 PM	 broker_id =1
Thursday 15th of March 2012 10:30:26 PM	 broker_id =1
Thursday 15th of March 2012 10:30:44 PM	 broker_id =1
Thursday 15th of March 2012 10:31:01 PM	 broker_id =1
Thursday 15th of March 2012 10:31:05 PM	 broker_id =1
Thursday 15th of March 2012 10:31:28 PM	 broker_id =1
Thursday 15th of March 2012 10:31:58 PM	 broker_id =1
Thursday 15th of March 2012 10:32:37 PM	 broker_id =1
Thursday 15th of March 2012 10:32:49 PM	 broker_id =1
Thursday 15th of March 2012 10:33:27 PM	 broker_id =1
Thursday 15th of March 2012 10:33:38 PM	 broker_id =1
Thursday 15th of March 2012 10:33:55 PM	 broker_id =1
Thursday 15th of March 2012 10:34:31 PM	 broker_id =1
Thursday 15th of March 2012 10:34:40 PM	 broker_id =1
Thursday 15th of March 2012 10:55:15 PM	 broker_id =1
Thursday 15th of March 2012 10:55:40 PM	 broker_id =1
Thursday 15th of March 2012 10:56:04 PM	 broker_id =1
Thursday 15th of March 2012 10:56:12 PM	 broker_id =1
Thursday 15th of March 2012 10:56:21 PM	 broker_id =1
Thursday 15th of March 2012 10:59:12 PM	 broker_id =1
Thursday 15th of March 2012 11:00:27 PM	 broker_id =1
Thursday 15th of March 2012 11:00:41 PM	 broker_id =1
Friday 16th of March 2012 12:06:19 AM	 broker_id =1
Friday 16th of March 2012 12:07:03 AM	 broker_id =1
Friday 16th of March 2012 12:08:46 AM	 broker_id =1
Friday 16th of March 2012 12:09:00 AM	 broker_id =1
Friday 16th of March 2012 12:09:06 AM	 broker_id =1
Friday 16th of March 2012 12:11:38 AM	 broker_id =1
Friday 16th of March 2012 12:14:25 AM	 broker_id =1
Friday 16th of March 2012 02:39:49 AM	 broker_id =1
Friday 16th of March 2012 02:45:44 AM	 broker_id =1
Friday 16th of March 2012 04:33:26 AM	 broker_id =1
Friday 16th of March 2012 04:34:46 AM	 broker_id =1
Friday 16th of March 2012 04:34:53 AM	 broker_id =1
Friday 16th of March 2012 04:58:05 AM	 broker_id =1
Friday 16th of March 2012 05:04:56 AM	 broker_id =1
Friday 16th of March 2012 05:04:58 AM	 broker_id =1
Friday 16th of March 2012 05:41:25 AM	 broker_id =1
Friday 16th of March 2012 05:49:03 AM	 broker_id =1
Friday 16th of March 2012 05:54:37 AM	 broker_id =1
Friday 16th of March 2012 06:02:52 AM	 broker_id =1
Friday 16th of March 2012 06:07:54 AM	 broker_id =1
Friday 16th of March 2012 06:08:43 AM	 broker_id =1
Friday 16th of March 2012 06:09:54 AM	 broker_id =1
Friday 16th of March 2012 06:10:53 AM	 broker_id =1
Friday 16th of March 2012 06:11:18 AM	 broker_id =1
Friday 16th of March 2012 06:11:41 AM	 broker_id =1
Friday 16th of March 2012 06:11:53 AM	 broker_id =1
Friday 16th of March 2012 06:21:50 AM	 broker_id =1
Friday 16th of March 2012 06:21:53 AM	 broker_id =1
Friday 16th of March 2012 06:21:54 AM	 broker_id =1
Friday 16th of March 2012 06:21:58 AM	 broker_id =1
Friday 16th of March 2012 06:22:00 AM	 broker_id =1
Friday 16th of March 2012 06:22:02 AM	 broker_id =1
Friday 16th of March 2012 06:22:03 AM	 broker_id =1
Friday 16th of March 2012 06:22:04 AM	 broker_id =1
Friday 16th of March 2012 06:22:08 AM	 broker_id =1
Friday 16th of March 2012 06:22:10 AM	 broker_id =1
Friday 16th of March 2012 06:31:03 AM	 broker_id =1
Friday 16th of March 2012 06:32:25 AM	 broker_id =1
Friday 16th of March 2012 06:33:11 AM	 broker_id =1
Friday 16th of March 2012 06:33:45 AM	 broker_id =1
Friday 16th of March 2012 06:34:58 AM	 broker_id =1
Friday 16th of March 2012 06:36:14 AM	 broker_id =1
Friday 16th of March 2012 06:41:47 AM	 broker_id =1
Friday 16th of March 2012 06:41:49 AM	 broker_id =1
Friday 16th of March 2012 06:41:53 AM	 broker_id =1
Friday 16th of March 2012 06:42:06 AM	 broker_id =1
Friday 16th of March 2012 06:42:26 AM	 broker_id =1
Friday 16th of March 2012 06:42:39 AM	 broker_id =1
Friday 16th of March 2012 06:42:40 AM	 broker_id =1
Friday 16th of March 2012 06:42:58 AM	 broker_id =1
Friday 16th of March 2012 06:43:40 AM	 broker_id =1
Friday 16th of March 2012 06:43:55 AM	 broker_id =1
Friday 16th of March 2012 06:46:21 AM	 broker_id =1
Friday 16th of March 2012 06:48:26 AM	 broker_id =1
Friday 16th of March 2012 06:49:33 AM	 broker_id =1
Friday 16th of March 2012 06:50:50 AM	 broker_id =1
Friday 16th of March 2012 06:51:08 AM	 broker_id =1
Friday 16th of March 2012 06:52:21 AM	 broker_id =1
Friday 16th of March 2012 06:53:58 AM	 broker_id =1
Friday 16th of March 2012 06:54:16 AM	 broker_id =1
Friday 16th of March 2012 06:54:54 AM	 broker_id =1
Friday 16th of March 2012 07:09:40 AM	 broker_id =1
Friday 16th of March 2012 07:45:51 AM	 broker_id =1
Friday 16th of March 2012 11:18:35 AM	 broker_id =1
Saturday 17th of March 2012 04:23:46 AM	 broker_id =1
Saturday 17th of March 2012 05:02:01 AM	 broker_id =1
Saturday 17th of March 2012 05:02:08 AM	 broker_id =1
Saturday 17th of March 2012 05:02:40 AM	 broker_id =1
Saturday 17th of March 2012 03:06:35 PM	 broker_id =1
Saturday 17th of March 2012 03:26:55 PM	 broker_id =1
Monday 19th of March 2012 12:16:25 AM	 broker_id =1
Tuesday 20th of March 2012 03:33:06 AM	 broker_id =1
Tuesday 20th of March 2012 04:04:56 AM	 broker_id =1
Tuesday 20th of March 2012 08:09:53 AM	 broker_id =1
Tuesday 20th of March 2012 08:09:55 AM	 broker_id =1
Tuesday 20th of March 2012 11:36:57 PM	 broker_id =1
Wednesday 21st of March 2012 05:49:32 AM	 broker_id =1
Wednesday 21st of March 2012 05:57:41 AM	 broker_id =1
Wednesday 21st of March 2012 06:20:31 AM	 broker_id =1
Wednesday 21st of March 2012 06:22:04 AM	 broker_id =1
Wednesday 21st of March 2012 06:22:08 AM	 broker_id =1
Wednesday 21st of March 2012 06:22:09 AM	 broker_id =1
Wednesday 21st of March 2012 06:22:46 AM	 broker_id =1
Wednesday 21st of March 2012 06:22:57 AM	 broker_id =1
Wednesday 21st of March 2012 06:28:58 AM	 broker_id =1
Wednesday 21st of March 2012 06:32:40 AM	 broker_id =1
Wednesday 21st of March 2012 06:32:42 AM	 broker_id =1
Wednesday 21st of March 2012 06:32:43 AM	 broker_id =1
Wednesday 21st of March 2012 06:36:10 AM	 broker_id =1
Wednesday 21st of March 2012 07:19:57 AM	 broker_id =1
Wednesday 21st of March 2012 07:19:58 AM	 broker_id =1
Wednesday 21st of March 2012 07:19:58 AM	 broker_id =1
Wednesday 21st of March 2012 07:37:49 AM	 broker_id =1
Wednesday 21st of March 2012 07:55:30 AM	 broker_id =1
Wednesday 21st of March 2012 07:55:32 AM	 broker_id =1
Wednesday 21st of March 2012 07:55:32 AM	 broker_id =1
Wednesday 21st of March 2012 11:26:47 AM	 broker_id =1
Wednesday 21st of March 2012 09:55:45 PM	 broker_id =1
Wednesday 21st of March 2012 10:51:25 PM	 broker_id =1
Wednesday 21st of March 2012 10:51:35 PM	 broker_id =1
Thursday 22nd of March 2012 02:21:14 AM	 broker_id =1
Thursday 22nd of March 2012 03:24:55 AM	 broker_id =1
Thursday 22nd of March 2012 03:43:21 AM	 broker_id =1
Thursday 22nd of March 2012 04:15:06 AM	 broker_id =1
Thursday 22nd of March 2012 05:04:34 AM	 broker_id =1
Thursday 22nd of March 2012 05:10:04 AM	 broker_id =1
Friday 23rd of March 2012 12:31:22 AM	 broker_id =1
Friday 23rd of March 2012 12:42:19 AM	 broker_id =1
Friday 23rd of March 2012 01:37:05 AM	 broker_id =1
Friday 23rd of March 2012 02:34:15 AM	 broker_id =1
Friday 23rd of March 2012 02:44:08 AM	 broker_id =1
Friday 23rd of March 2012 06:17:37 AM	 broker_id =1
Friday 23rd of March 2012 06:44:38 AM	 broker_id =1
Friday 23rd of March 2012 11:03:58 AM	 broker_id =1
Friday 23rd of March 2012 11:12:00 AM	 broker_id =1
Friday 23rd of March 2012 11:16:11 AM	 broker_id =1
Monday 26th of March 2012 11:44:09 AM	 broker_id =1
Wednesday 28th of March 2012 09:02:45 AM	 broker_id =1
Wednesday 28th of March 2012 09:03:50 AM	 broker_id =1
Wednesday 28th of March 2012 09:03:53 AM	 broker_id =1
Sunday 08th of July 2012 08:54:54 AM	 broker_id =1
Sunday 08th of July 2012 11:28:22 AM	 broker_id =1
Saturday 20th of October 2012 03:10:00 AM	 broker_id =1
Thursday 13th of June 2013 07:11:41 AM	 broker_id =1
Monday 17th of June 2013 10:18:41 AM	 broker_id =1
Monday 17th of June 2013 10:19:19 AM	 broker_id =1
Monday 17th of June 2013 10:19:23 AM	 broker_id =1
Monday 17th of June 2013 10:19:40 AM	 broker_id =1
Monday 17th of June 2013 10:22:23 AM	 broker_id =1
Sunday 30th of June 2013 02:50:47 PM	 broker_id =1
Tuesday 02nd of July 2013 06:01:44 PM	 broker_id =1
Tuesday 02nd of July 2013 06:12:56 PM	 broker_id =1
